<testsuite name="Mocha Tests" tests="25" failures="0" errors="12" skipped="0" timestamp="Thu, 10 Dec 2020 20:23:56 GMT" time="133.603">
<testcase classname="Ensure that all pages render and mount to window.:" name="Visit /" time="4.68"/>
<testcase classname="Ensure that all pages render and mount to window.:" name="Visit /search" time="2.927"/>
<testcase classname="Ensure that all pages render and mount to window.:" name="Visit /school" time="2.964"><failure>Element &#x22;h1&#x22; was not found by text|CSS|XPath
Element &#x22;h1&#x22; was not found by text|CSS|XPath

Scenario Steps:

- I.see(&#x22;Yale University&#x22;, &#x22;h1&#x22;) at Test.Scenario (__tests__/e2e/AllPagesRender_test.js:28:5)
- I.seeElement(&#x22;.v-application&#x22;) at Test.Scenario (__tests__/e2e/AllPagesRender_test.js:25:5)
- I.amOnPage(&#x22;/school/?130794-Yale-University&#x22;) at Test.Scenario (__tests__/e2e/AllPagesRender_test.js:23:5)

</failure></testcase>
<testcase classname="Ensure that all pages render and mount to window.:" name="Visit school/fields" time="2.624"><failure>expected element h1 to include &#x22;All Fields of Study Offered at Yale University&#x22;

      + expected - actual

      -Loading 
      +All Fields of Study Offered at Yale University
      
expected element h1 to include &#x22;All Fields of Study Offered at Yale University&#x22;

Scenario Steps:

- I.see(&#x22;All Fields of Study Offered at Yale University&#x22;, &#x22;h1&#x22;) at Test.Scenario (__tests__/e2e/AllPagesRender_test.js:37:5)
- I.seeElement(&#x22;.v-application&#x22;) at Test.Scenario (__tests__/e2e/AllPagesRender_test.js:34:5)
- I.amOnPage(&#x22;/school/fields/?130794-Yale-University&#x22;) at Test.Scenario (__tests__/e2e/AllPagesRender_test.js:32:5)

</failure></testcase>
<testcase classname="Ensure that all pages render and mount to window.:" name="Visit /data/home" time="2.952"/>
<testcase classname="Ensure that all pages render and mount to window.:" name="Visit /data/data-documentation" time="2.932"/>
<testcase classname="Ensure that all pages render and mount to window.:" name="Visit /data/api-documentation" time="2.932"/>
<testcase classname="Ensure that all pages render and mount to window.:" name="Visit /data/changelog" time="3.035"/>
<testcase classname="Ensure that all pages render and mount to window.:" name="Visit /data/glossary" time="2.948"/>
<testcase classname="Ensure that all pages render and mount to window.:" name="Visit /compare" time="2.951"/>
<testcase classname="Page: Compare:" name="Add items to local storage, see chart elements, expand all, no console errors" time="4.714"><failure>expected element h2 to include &#x22;Average Annual Cost&#x22;

      + expected - actual

      -Learn More About Paying for College
      +Average Annual Cost
      
expected element h2 to include &#x22;Average Annual Cost&#x22;

Scenario Steps:

- I.see(&#x22;Average Annual Cost&#x22;, &#x22;h2&#x22;) at Test.Scenario (__tests__/e2e/PageCompare_test.js:33:5)
- I.refreshPage() at Test.Scenario (__tests__/e2e/PageCompare_test.js:31:5)
- I.fillLocalStorage(&#x22;compare-schools&#x22;, [{&#x22;schoolName&#x22;:&#x22;Yale University&#x22;,&#x22;schoolId&#x22;:&#x22;130794&#x22;},{&#x22;schoolName&#x22;:&#x22;Harvard-University&#x22;,&#x22;schoolId&#x22;:&#x22;166027&#x22;}]) at Test.Scenario (__tests__/e2e/PageCompare_test.js:20:5)
- I.amOnPage(&#x22;/compare/&#x22;) at Test.Scenario (__tests__/e2e/PageCompare_test.js:18:5)

</failure></testcase>
<testcase classname="Page: Index:" name="Test Name Autocomplete" time="5.968"><failure>expected visible elements &#x27;[]&#x27; not to be empty

      + expected - actual


expected visible elements &#x27;[]&#x27; not to be empty

Scenario Steps:

- I.seeElement({xpath: .//*[contains(concat(&#x27; &#x27;, normalize-space(./@class), &#x27; &#x27;), &#x27; name-complete-school-name &#x27;)][contains(., &#x27;Yale University&#x27;)]}) at Test.Scenario (__tests__/e2e/PageIndex_test.js:27:5)
- I.wait(2) at Test.Scenario (__tests__/e2e/PageIndex_test.js:25:5)
- I.fillField(&#x22;.v-autocomplete input&#x22;, &#x22;yale&#x22;) at Test.Scenario (__tests__/e2e/PageIndex_test.js:23:5)
- I.seeElement(&#x22;.v-autocomplete&#x22;) at Test.Scenario (__tests__/e2e/PageIndex_test.js:21:5)
- I.amOnPage(&#x22;/&#x22;) at Test.Scenario (__tests__/e2e/PageIndex_test.js:19:5)

</failure></testcase>
<testcase classname="Page: Index:" name="Test Show Me Options: Simple Elements" time="8.746"/>
<testcase classname="Page: Index:" name="Test Show Me Options: Near Me" time="4.595"/>
<testcase classname="Page: Index:" name="Test Show Me Options: Simple Elements" time="10.446"/>
<testcase classname="Page: Index:" name="Test Custom Search" time="11.467"/>
<testcase classname="Page: School:" name="Visit page and see all major page components." time="3.366"><failure>expected visible elements &#x27;[]&#x27; not to be empty

      + expected - actual


expected visible elements &#x27;[]&#x27; not to be empty

Scenario Steps:

- I.seeElement({xpath: .//*[./@id = &#x27;school-sub-nav-header&#x27;]//a[contains(., &#x27;Back to search&#x27;)]}) at Test.Scenario (__tests__/e2e/PageSchool_test.js:24:5)
- I.amOnPage(&#x22;/school/?130794-Yale-University&#x22;) at Test.Scenario (__tests__/e2e/PageSchool_test.js:21:5)

</failure></testcase>
<testcase classname="Page: School:" name="Visit page and test compare functionality" time="3.084"><failure>Clickable element &#x22;{&#x22;type&#x22;:&#x22;xpath&#x22;,&#x22;output&#x22;:null,&#x22;strict&#x22;:true,&#x22;locator&#x22;:{&#x22;xpath&#x22;:&#x22;.//*[./@id = &#x27;school-sub-nav-header&#x27;]//button[contains(., &#x27;Compare&#x27;)]&#x22;},&#x22;value&#x22;:&#x22;.//*[./@id = &#x27;school-sub-nav-header&#x27;]//button[contains(., &#x27;Compare&#x27;)]&#x22;}&#x22; was not found by text|CSS|XPath
Clickable element &#x22;{&#x22;type&#x22;:&#x22;xpath&#x22;,&#x22;output&#x22;:null,&#x22;strict&#x22;:true,&#x22;locator&#x22;:{&#x22;xpath&#x22;:&#x22;.//*[./@id = &#x27;school-sub-nav-header&#x27;]//button[contains(., &#x27;Compare&#x27;)]&#x22;},&#x22;value&#x22;:&#x22;.//*[./@id = &#x27;school-sub-nav-header&#x27;]//button[contains(., &#x27;Compare&#x27;)]&#x22;}&#x22; was not found by text|CSS|XPath

Scenario Steps:

- I.click({xpath: .//*[./@id = &#x27;school-sub-nav-header&#x27;]//button[contains(., &#x27;Compare&#x27;)]}) at Test.Scenario (__tests__/e2e/PageSchool_test.js:59:5)
- I.amOnPage(&#x22;/school/?130794-Yale-University&#x22;) at Test.Scenario (__tests__/e2e/PageSchool_test.js:57:5)

</failure></testcase>
<testcase classname="Page: School/Fields:" name="Visit page and see all page components" time="2.557"><failure>expected visible elements &#x27;[]&#x27; not to be empty

      + expected - actual


expected visible elements &#x27;[]&#x27; not to be empty

Scenario Steps:

- I.seeElement(&#x22;#school-field-fos-degree&#x22;) at Test.Scenario (__tests__/e2e/PageSchoolFields_test.js:23:5)
- I.amOnPage(&#x22;/school/fields/?130794-Yale-University&#x22;) at Test.Scenario (__tests__/e2e/PageSchoolFields_test.js:21:5)

</failure></testcase>
<testcase classname="Page: School/Fields:" name="Test Filter Degree Level" time="2.613"><failure>Clickable element &#x22;#school-field-fos-degree&#x22; was not found by text|CSS|XPath
Clickable element &#x22;#school-field-fos-degree&#x22; was not found by text|CSS|XPath

Scenario Steps:

- I.click(&#x22;#school-field-fos-degree&#x22;) at Test.Scenario (__tests__/e2e/PageSchoolFields_test.js:40:5)
- I.amOnPage(&#x22;/school/fields/?130794-Yale-University&#x22;) at Test.Scenario (__tests__/e2e/PageSchoolFields_test.js:38:5)

</failure></testcase>
<testcase classname="Page: School/Fields:" name="Visit page and test compare functionality" time="2.665"><failure>Clickable element &#x22;{&#x22;type&#x22;:&#x22;xpath&#x22;,&#x22;output&#x22;:null,&#x22;strict&#x22;:true,&#x22;locator&#x22;:{&#x22;xpath&#x22;:&#x22;.//*[contains(concat(&#x27; &#x27;, normalize-space(./@class), &#x27; &#x27;), &#x27; school-heading &#x27;)]//button[contains(., &#x27;Compare&#x27;)]&#x22;},&#x22;value&#x22;:&#x22;.//*[contains(concat(&#x27; &#x27;, normalize-space(./@class), &#x27; &#x27;), &#x27; school-heading &#x27;)]//button[contains(., &#x27;Compare&#x27;)]&#x22;}&#x22; was not found by text|CSS|XPath
Clickable element &#x22;{&#x22;type&#x22;:&#x22;xpath&#x22;,&#x22;output&#x22;:null,&#x22;strict&#x22;:true,&#x22;locator&#x22;:{&#x22;xpath&#x22;:&#x22;.//*[contains(concat(&#x27; &#x27;, normalize-space(./@class), &#x27; &#x27;), &#x27; school-heading &#x27;)]//button[contains(., &#x27;Compare&#x27;)]&#x22;},&#x22;value&#x22;:&#x22;.//*[contains(concat(&#x27; &#x27;, normalize-space(./@class), &#x27; &#x27;), &#x27; school-heading &#x27;)]//button[contains(., &#x27;Compare&#x27;)]&#x22;}&#x22; was not found by text|CSS|XPath

Scenario Steps:

- I.click({xpath: .//*[contains(concat(&#x27; &#x27;, normalize-space(./@class), &#x27; &#x27;), &#x27; school-heading &#x27;)]//button[contains(., &#x27;Compare&#x27;)]}) at Test.Scenario (__tests__/e2e/PageSchoolFields_test.js:70:5)
- I.amOnPage(&#x22;/school/fields/?130794-Yale-University&#x22;) at Test.Scenario (__tests__/e2e/PageSchoolFields_test.js:68:5)

</failure></testcase>
<testcase classname="Page: Search:" name="Visit root page and see all major page components" time="3.208"><failure>expected visible elements &#x27;[]&#x27; not to be empty

      + expected - actual


expected visible elements &#x27;[]&#x27; not to be empty

Scenario Steps:

- I.seeElement(&#x22;.search-result-card&#x22;) at Test.Scenario (__tests__/e2e/PageSearch_test.js:24:5)
- I.seeElement(&#x22;#search-result-info-count&#x22;) at Test.Scenario (__tests__/e2e/PageSearch_test.js:23:5)
- I.see(&#x22;Results&#x22;, &#x22;p&#x22;) at Test.Scenario (__tests__/e2e/PageSearch_test.js:22:5)
- I.amOnPage(&#x22;/search/?&#x22;) at Test.Scenario (__tests__/e2e/PageSearch_test.js:19:5)

</failure></testcase>
<testcase classname="Page: Search:" name="Vist root search and clear, sort, share and pagination" time="6.251"><failure>Element &#x22;#search-form-size-small&#x22; was not found by text|CSS|XPath
Element &#x22;#search-form-size-small&#x22; was not found by text|CSS|XPath

Scenario Steps:

- I.seeAttributesOnElements(&#x22;#search-form-size-small&#x22;, {&#x22;aria-checked&#x22;:&#x22;false&#x22;}) at Test.Scenario (__tests__/e2e/PageSearch_test.js:41:5)
- I.dontSeeInCurrentUrl(&#x22;size=small&#x26;control=public&#x26;locale=city&#x22;) at Test.Scenario (__tests__/e2e/PageSearch_test.js:39:5)
- I.wait(2) at Test.Scenario (__tests__/e2e/PageSearch_test.js:38:5)
- I.click(&#x22;#search-button-clear&#x22;) at Test.Scenario (__tests__/e2e/PageSearch_test.js:37:5)
- I.click(.search-result-container) at Test.Scenario (__tests__/e2e/PageSearch_test.js:34:5)
- I.amOnPage(&#x22;/search/?size=small&#x26;control=public&#x26;locale=city&#x22;) at Test.Scenario (__tests__/e2e/PageSearch_test.js:31:5)

</failure></testcase>
<testcase classname="Page: Search:" name="Click items in search and get updated results." time="10.162"/>
<testcase classname="Page: Search:" name="Populate form based on URL data." time="2.886"/>
<testcase classname="Page: Search:" name="Add schools to compare, Items appear in compare drawer, Remove from compare." time="3.814"><failure>Clickable element &#x22;{&#x22;type&#x22;:&#x22;xpath&#x22;,&#x22;output&#x22;:null,&#x22;strict&#x22;:true,&#x22;locator&#x22;:{&#x22;xpath&#x22;:&#x22;(.//*[contains(concat(&#x27; &#x27;, normalize-space(./@class), &#x27; &#x27;), &#x27; search-result-card &#x27;)]//button)[position()=1]&#x22;},&#x22;value&#x22;:&#x22;(.//*[contains(concat(&#x27; &#x27;, normalize-space(./@class), &#x27; &#x27;), &#x27; search-result-card &#x27;)]//button)[position()=1]&#x22;}&#x22; was not found by text|CSS|XPath
Clickable element &#x22;{&#x22;type&#x22;:&#x22;xpath&#x22;,&#x22;output&#x22;:null,&#x22;strict&#x22;:true,&#x22;locator&#x22;:{&#x22;xpath&#x22;:&#x22;(.//*[contains(concat(&#x27; &#x27;, normalize-space(./@class), &#x27; &#x27;), &#x27; search-result-card &#x27;)]//button)[position()=1]&#x22;},&#x22;value&#x22;:&#x22;(.//*[contains(concat(&#x27; &#x27;, normalize-space(./@class), &#x27; &#x27;), &#x27; search-result-card &#x27;)]//button)[position()=1]&#x22;}&#x22; was not found by text|CSS|XPath

Scenario Steps:

- I.click({xpath: (.//*[contains(concat(&#x27; &#x27;, normalize-space(./@class), &#x27; &#x27;), &#x27; search-result-card &#x27;)]//button)[position()=1]}) at Test.Scenario (__tests__/e2e/PageSearch_test.js:109:5)
- I.click(.search-result-container) at Test.Scenario (__tests__/e2e/PageSearch_test.js:106:5)
- I.amOnPage(&#x22;/search/?&#x22;) at Test.Scenario (__tests__/e2e/PageSearch_test.js:103:5)

</failure></testcase>
</testsuite>
